# JRE version: OpenJDK Runtime Environment Temurin-17.0.7+7 (17.0.7+7) (build 17.0.7+7)
# Java VM: OpenJDK 64-Bit Server VM Temurin-17.0.7+7 (17.0.7+7, mixed mode, emulated-client, tiered, compressed oops, compressed class ptrs, g1 gc, windows-amd64)
GC Precious Log:
 CPUs: 8 total, 8 available
 Memory: 18379M
 Large Page Support: Disabled
 NUMA Support: Disabled
 Compressed Oops: Enabled (32-bit)
 Heap Region Size: 1M
 Heap Min Capacity: 8M
 Heap Initial Capacity: 288M
 Heap Max Capacity: 1G
 Pre-touch: Disabled
 Parallel Workers: 8
 Concurrent Workers: 2
 Concurrent Refinement Workers: 8
 Periodic GC: Disabled
Heap:
 garbage-first heap   total 331776K, used 115477K [0x00000000c0000000, 0x0000000100000000)
  region size 1024K, 1 young (1024K), 0 survivors (0K)
 Metaspace       used 73028K, committed 73536K, reserved 1114112K
  class space    used 10038K, committed 10240K, reserved 1048576K
GC Heap History (20 events):
Event: 198000.576 GC heap before
{Heap before GC invocations=4780 (full 4528):
 garbage-first heap   total 331776K, used 115477K [0x00000000c0000000, 0x0000000100000000)
  region size 1024K, 1 young (1024K), 0 survivors (0K)
 Metaspace       used 73006K, committed 73536K, reserved 1114112K
  class space    used 10034K, committed 10240K, reserved 1048576K
}
Event: 198000.680 GC heap after
{Heap after GC invocations=4781 (full 4529):
 garbage-first heap   total 331776K, used 115477K [0x00000000c0000000, 0x0000000100000000)
  region size 1024K, 0 young (0K), 0 survivors (0K)
 Metaspace       used 73006K, committed 73536K, reserved 1114112K
  class space    used 10034K, committed 10240K, reserved 1048576K
}
Event: 198011.217 GC heap before
{Heap before GC invocations=4781 (full 4529):
 garbage-first heap   total 331776K, used 115477K [0x00000000c0000000, 0x0000000100000000)
  region size 1024K, 1 young (1024K), 0 survivors (0K)
 Metaspace       used 73006K, committed 73536K, reserved 1114112K
  class space    used 10034K, committed 10240K, reserved 1048576K
}
Event: 198011.320 GC heap after
{Heap after GC invocations=4782 (full 4530):
 garbage-first heap   total 331776K, used 115477K [0x00000000c0000000, 0x0000000100000000)
  region size 1024K, 0 young (0K), 0 survivors (0K)
 Metaspace       used 73006K, committed 73536K, reserved 1114112K
  class space    used 10034K, committed 10240K, reserved 1048576K
}
Event: 198021.868 GC heap before
{Heap before GC invocations=4782 (full 4530):
 garbage-first heap   total 331776K, used 115477K [0x00000000c0000000, 0x0000000100000000)
  region size 1024K, 1 young (1024K), 0 survivors (0K)
 Metaspace       used 73006K, committed 73536K, reserved 1114112K
  class space    used 10034K, committed 10240K, reserved 1048576K
}
Event: 198021.970 GC heap after
{Heap after GC invocations=4783 (full 4531):
 garbage-first heap   total 331776K, used 115477K [0x00000000c0000000, 0x0000000100000000)
  region size 1024K, 0 young (0K), 0 survivors (0K)
 Metaspace       used 73006K, committed 73536K, reserved 1114112K
  class space    used 10034K, committed 10240K, reserved 1048576K
}
Event: 198032.476 GC heap before
{Heap before GC invocations=4783 (full 4531):
 garbage-first heap   total 331776K, used 115477K [0x00000000c0000000, 0x0000000100000000)
  region size 1024K, 1 young (1024K), 0 survivors (0K)
 Metaspace       used 73006K, committed 73536K, reserved 1114112K
  class space    used 10034K, committed 10240K, reserved 1048576K
}
Event: 198032.578 GC heap after
{Heap after GC invocations=4784 (full 4532):
 garbage-first heap   total 331776K, used 115477K [0x00000000c0000000, 0x0000000100000000)
  region size 1024K, 0 young (0K), 0 survivors (0K)
 Metaspace       used 73006K, committed 73536K, reserved 1114112K
  class space    used 10034K, committed 10240K, reserved 1048576K
}
Event: 198043.109 GC heap before
{Heap before GC invocations=4784 (full 4532):
 garbage-first heap   total 331776K, used 115477K [0x00000000c0000000, 0x0000000100000000)
  region size 1024K, 1 young (1024K), 0 survivors (0K)
 Metaspace       used 73006K, committed 73536K, reserved 1114112K
  class space    used 10034K, committed 10240K, reserved 1048576K
}
Event: 198043.220 GC heap after
{Heap after GC invocations=4785 (full 4533):
 garbage-first heap   total 331776K, used 115477K [0x00000000c0000000, 0x0000000100000000)
  region size 1024K, 0 young (0K), 0 survivors (0K)
 Metaspace       used 73006K, committed 73536K, reserved 1114112K
  class space    used 10034K, committed 10240K, reserved 1048576K
}
Event: 198053.767 GC heap before
{Heap before GC invocations=4785 (full 4533):
 garbage-first heap   total 331776K, used 115477K [0x00000000c0000000, 0x0000000100000000)
  region size 1024K, 1 young (1024K), 0 survivors (0K)
 Metaspace       used 73006K, committed 73536K, reserved 1114112K
  class space    used 10034K, committed 10240K, reserved 1048576K
}
Event: 198053.863 GC heap after
{Heap after GC invocations=4786 (full 4534):
 garbage-first heap   total 331776K, used 115477K [0x00000000c0000000, 0x0000000100000000)
  region size 1024K, 0 young (0K), 0 survivors (0K)
 Metaspace       used 73006K, committed 73536K, reserved 1114112K
  class space    used 10034K, committed 10240K, reserved 1048576K
}
Event: 198064.596 GC heap before
{Heap before GC invocations=4786 (full 4534):
 garbage-first heap   total 331776K, used 115477K [0x00000000c0000000, 0x0000000100000000)
  region size 1024K, 1 young (1024K), 0 survivors (0K)
 Metaspace       used 73006K, committed 73536K, reserved 1114112K
  class space    used 10034K, committed 10240K, reserved 1048576K
}
Event: 198064.722 GC heap after
{Heap after GC invocations=4787 (full 4535):
 garbage-first heap   total 331776K, used 115477K [0x00000000c0000000, 0x0000000100000000)
  region size 1024K, 0 young (0K), 0 survivors (0K)
 Metaspace       used 73006K, committed 73536K, reserved 1114112K
  class space    used 10034K, committed 10240K, reserved 1048576K
}
Event: 198075.995 GC heap before
{Heap before GC invocations=4787 (full 4535):
 garbage-first heap   total 331776K, used 115477K [0x00000000c0000000, 0x0000000100000000)
  region size 1024K, 1 young (1024K), 0 survivors (0K)
 Metaspace       used 73006K, committed 73536K, reserved 1114112K
  class space    used 10034K, committed 10240K, reserved 1048576K
}
Event: 198076.148 GC heap after
{Heap after GC invocations=4788 (full 4536):
 garbage-first heap   total 331776K, used 115477K [0x00000000c0000000, 0x0000000100000000)
  region size 1024K, 0 young (0K), 0 survivors (0K)
 Metaspace       used 73006K, committed 73536K, reserved 1114112K
  class space    used 10034K, committed 10240K, reserved 1048576K
}
Event: 198087.150 GC heap before
{Heap before GC invocations=4788 (full 4536):
 garbage-first heap   total 331776K, used 115477K [0x00000000c0000000, 0x0000000100000000)
  region size 1024K, 1 young (1024K), 0 survivors (0K)
 Metaspace       used 73006K, committed 73536K, reserved 1114112K
  class space    used 10034K, committed 10240K, reserved 1048576K
}
Event: 198087.269 GC heap after
{Heap after GC invocations=4789 (full 4537):
 garbage-first heap   total 331776K, used 115477K [0x00000000c0000000, 0x0000000100000000)
  region size 1024K, 0 young (0K), 0 survivors (0K)
 Metaspace       used 73006K, committed 73536K, reserved 1114112K
  class space    used 10034K, committed 10240K, reserved 1048576K
}
Event: 198098.056 GC heap before
{Heap before GC invocations=4789 (full 4537):
 garbage-first heap   total 331776K, used 115477K [0x00000000c0000000, 0x0000000100000000)
  region size 1024K, 1 young (1024K), 0 survivors (0K)
 Metaspace       used 73006K, committed 73536K, reserved 1114112K
  class space    used 10034K, committed 10240K, reserved 1048576K
}
Event: 198098.189 GC heap after
{Heap after GC invocations=4790 (full 4538):
 garbage-first heap   total 331776K, used 115477K [0x00000000c0000000, 0x0000000100000000)
  region size 1024K, 0 young (0K), 0 survivors (0K)
 Metaspace       used 73006K, committed 73536K, reserved 1114112K
  class space    used 10034K, committed 10240K, reserved 1048576K
}

